2021-12-03 01:49:25 [pool-2-thread-9] INFO  by.epam.task5.entitty.Terminal - Truck 11 is being unloaded... +10
2021-12-03 01:49:25 [pool-2-thread-10] INFO  by.epam.task5.entitty.Base - Truck 13 got terminal 10
2021-12-03 01:49:25 [pool-2-thread-9] INFO  by.epam.task5.entitty.Base - The current size of warehouse is 509
2021-12-03 01:49:25 [pool-2-thread-10] INFO  by.epam.task5.entitty.Terminal - Truck 13 is being unloaded... +12
2021-12-03 01:49:25 [pool-2-thread-10] INFO  by.epam.task5.entitty.Base - The current size of warehouse is 521
2021-12-03 01:49:25 [pool-2-thread-7] INFO  by.epam.task5.entitty.Terminal - Truck 12 is being loaded ... -10
2021-12-03 01:49:25 [pool-2-thread-2] INFO  by.epam.task5.entitty.Terminal - Truck 27 is being loaded ... -40
2021-12-03 01:49:25 [pool-2-thread-4] INFO  by.epam.task5.entitty.Terminal - Truck 22 is being loaded ... -20
2021-12-03 01:49:25 [pool-2-thread-6] INFO  by.epam.task5.entitty.Terminal - Truck 15 is being loaded ... -15
2021-12-03 01:49:25 [pool-2-thread-5] INFO  by.epam.task5.entitty.Terminal - Truck 18 is being loaded ... -20
2021-12-03 01:49:25 [pool-2-thread-8] INFO  by.epam.task5.entitty.Terminal - Truck 10 is being loaded ... -10
2021-12-03 01:49:25 [pool-2-thread-3] INFO  by.epam.task5.entitty.Terminal - Truck 24 is being loaded ... -30
2021-12-03 01:49:25 [pool-2-thread-1] INFO  by.epam.task5.entitty.Terminal - Truck 28 is being loaded ... -40
2021-12-03 01:49:25 [pool-2-thread-2] INFO  by.epam.task5.entitty.Base - The current size of warehouse is 471
2021-12-03 01:49:25 [pool-2-thread-3] INFO  by.epam.task5.entitty.Base - The current size of warehouse is 376
2021-12-03 01:49:25 [pool-2-thread-7] INFO  by.epam.task5.entitty.Base - The current size of warehouse is 511
2021-12-03 01:49:25 [pool-2-thread-4] INFO  by.epam.task5.entitty.Base - The current size of warehouse is 451
2021-12-03 01:49:25 [pool-2-thread-5] INFO  by.epam.task5.entitty.Base - The current size of warehouse is 416
2021-12-03 01:49:25 [pool-2-thread-6] INFO  by.epam.task5.entitty.Base - The current size of warehouse is 436
2021-12-03 01:49:25 [pool-2-thread-8] INFO  by.epam.task5.entitty.Base - The current size of warehouse is 406
2021-12-03 01:49:25 [pool-2-thread-10] INFO  by.epam.task5.entitty.Terminal - Truck 13 is being loaded ... -15
2021-12-03 01:49:25 [pool-2-thread-1] INFO  by.epam.task5.entitty.Base - The current size of warehouse is 336
2021-12-03 01:49:25 [pool-2-thread-9] INFO  by.epam.task5.entitty.Terminal - Truck 11 is being loaded ... -10
2021-12-03 01:49:25 [pool-2-thread-10] INFO  by.epam.task5.entitty.Base - The current size of warehouse is 321
2021-12-03 01:49:25 [pool-2-thread-9] INFO  by.epam.task5.entitty.Base - The current size of warehouse is 311
2021-12-03 01:49:26 [pool-2-thread-8] INFO  by.epam.task5.entitty.Base - pool-2-thread-8 released 2
2021-12-03 01:49:26 [pool-2-thread-1] INFO  by.epam.task5.entitty.Base - pool-2-thread-1 released 1
2021-12-03 01:49:26 [pool-2-thread-10] INFO  by.epam.task5.entitty.Base - pool-2-thread-10 released 10
2021-12-03 01:49:26 [pool-2-thread-9] INFO  by.epam.task5.entitty.Base - pool-2-thread-9 released 9
2021-12-03 01:49:26 [pool-2-thread-4] INFO  by.epam.task5.entitty.Base - pool-2-thread-4 released 5
2021-12-03 01:49:26 [pool-2-thread-6] INFO  by.epam.task5.entitty.Base - pool-2-thread-6 released 7
2021-12-03 01:49:26 [pool-2-thread-5] INFO  by.epam.task5.entitty.Base - pool-2-thread-5 released 6
2021-12-03 01:49:26 [pool-2-thread-3] INFO  by.epam.task5.entitty.Base - pool-2-thread-3 released 3
2021-12-03 01:49:26 [pool-2-thread-7] INFO  by.epam.task5.entitty.Base - pool-2-thread-7 released 8
2021-12-03 01:49:26 [pool-2-thread-2] INFO  by.epam.task5.entitty.Base - pool-2-thread-2 released 4
2021-12-03 01:49:26 [pool-2-thread-11] INFO  by.epam.task5.entitty.Base - Truck 14 got terminal 2
2021-12-03 01:49:26 [pool-2-thread-11] INFO  by.epam.task5.entitty.Terminal - Truck 14 is being unloaded... +14
2021-12-03 01:49:26 [main] INFO  by.epam.task5.main.Main - Truck #28 has been served by terminal #1. Truck isPerishable - true
2021-12-03 01:49:26 [pool-2-thread-11] INFO  by.epam.task5.entitty.Base - The current size of warehouse is 325
2021-12-03 01:49:26 [main] INFO  by.epam.task5.main.Main - Truck #27 has been served by terminal #4. Truck isPerishable - true
2021-12-03 01:49:26 [pool-2-thread-12] INFO  by.epam.task5.entitty.Base - Truck 16 got terminal 1
2021-12-03 01:49:26 [main] INFO  by.epam.task5.main.Main - Truck #24 has been served by terminal #3. Truck isPerishable - true
2021-12-03 01:49:26 [pool-2-thread-12] INFO  by.epam.task5.entitty.Terminal - Truck 16 is being unloaded... +7
2021-12-03 01:49:26 [main] INFO  by.epam.task5.main.Main - Truck #22 has been served by terminal #5. Truck isPerishable - true
2021-12-03 01:49:26 [pool-2-thread-13] INFO  by.epam.task5.entitty.Base - Truck 17 got terminal 10
2021-12-03 01:49:26 [pool-2-thread-12] INFO  by.epam.task5.entitty.Base - The current size of warehouse is 332
2021-12-03 01:49:26 [main] INFO  by.epam.task5.main.Main - Truck #18 has been served by terminal #6. Truck isPerishable - true
2021-12-03 01:49:26 [pool-2-thread-13] INFO  by.epam.task5.entitty.Terminal - Truck 17 is being unloaded... +20
2021-12-03 01:49:26 [main] INFO  by.epam.task5.main.Main - Truck #15 has been served by terminal #7. Truck isPerishable - true
2021-12-03 01:49:26 [pool-2-thread-13] INFO  by.epam.task5.entitty.Base - The current size of warehouse is 352
2021-12-03 01:49:26 [main] INFO  by.epam.task5.main.Main - Truck #12 has been served by terminal #8. Truck isPerishable - true
2021-12-03 01:49:26 [pool-2-thread-14] INFO  by.epam.task5.entitty.Base - Truck 19 got terminal 9
2021-12-03 01:49:26 [main] INFO  by.epam.task5.main.Main - Truck #10 has been served by terminal #2. Truck isPerishable - false
2021-12-03 01:49:26 [pool-2-thread-14] INFO  by.epam.task5.entitty.Terminal - Truck 19 is being unloaded... +20
2021-12-03 01:49:26 [main] INFO  by.epam.task5.main.Main - Truck #11 has been served by terminal #9. Truck isPerishable - false
2021-12-03 01:49:26 [pool-2-thread-15] INFO  by.epam.task5.entitty.Base - Truck 20 got terminal 5
2021-12-03 01:49:26 [pool-2-thread-14] INFO  by.epam.task5.entitty.Base - The current size of warehouse is 372
2021-12-03 01:49:26 [main] INFO  by.epam.task5.main.Main - Truck #13 has been served by terminal #10. Truck isPerishable - false
2021-12-03 01:49:26 [pool-2-thread-15] INFO  by.epam.task5.entitty.Terminal - Truck 20 is being unloaded... +19
2021-12-03 01:49:26 [pool-2-thread-15] INFO  by.epam.task5.entitty.Base - The current size of warehouse is 391
2021-12-03 01:49:26 [pool-2-thread-16] INFO  by.epam.task5.entitty.Base - Truck 21 got terminal 7
2021-12-03 01:49:26 [pool-2-thread-16] INFO  by.epam.task5.entitty.Terminal - Truck 21 is being unloaded... +20
2021-12-03 01:49:26 [pool-2-thread-18] INFO  by.epam.task5.entitty.Base - Truck 25 got terminal 6
2021-12-03 01:49:26 [pool-2-thread-16] INFO  by.epam.task5.entitty.Base - The current size of warehouse is 411
2021-12-03 01:49:26 [pool-2-thread-18] INFO  by.epam.task5.entitty.Terminal - Truck 25 is being unloaded... +28
2021-12-03 01:49:26 [pool-2-thread-19] INFO  by.epam.task5.entitty.Base - Truck 26 got terminal 3
2021-12-03 01:49:26 [pool-2-thread-18] INFO  by.epam.task5.entitty.Base - The current size of warehouse is 439
2021-12-03 01:49:26 [pool-2-thread-19] INFO  by.epam.task5.entitty.Terminal - Truck 26 is being unloaded... +30
2021-12-03 01:49:26 [pool-2-thread-17] INFO  by.epam.task5.entitty.Base - Truck 23 got terminal 8
2021-12-03 01:49:26 [pool-2-thread-19] INFO  by.epam.task5.entitty.Base - The current size of warehouse is 469
2021-12-03 01:49:26 [pool-2-thread-17] INFO  by.epam.task5.entitty.Terminal - Truck 23 is being unloaded... +10
2021-12-03 01:49:26 [pool-2-thread-20] INFO  by.epam.task5.entitty.Base - Truck 29 got terminal 4
2021-12-03 01:49:26 [pool-2-thread-17] INFO  by.epam.task5.entitty.Base - The current size of warehouse is 479
2021-12-03 01:49:26 [pool-2-thread-20] INFO  by.epam.task5.entitty.Terminal - Truck 29 is being unloaded... +40
2021-12-03 01:49:26 [pool-2-thread-20] INFO  by.epam.task5.entitty.Base - The current size of warehouse is 519
2021-12-03 01:49:26 [pool-2-thread-12] INFO  by.epam.task5.entitty.Terminal - Truck 16 is being loaded ... -15
2021-12-03 01:49:26 [pool-2-thread-11] INFO  by.epam.task5.entitty.Terminal - Truck 14 is being loaded ... -15
2021-12-03 01:49:26 [pool-2-thread-13] INFO  by.epam.task5.entitty.Terminal - Truck 17 is being loaded ... -20
2021-12-03 01:49:26 [pool-2-thread-13] INFO  by.epam.task5.entitty.Base - The current size of warehouse is 484
2021-12-03 01:49:26 [pool-2-thread-14] INFO  by.epam.task5.entitty.Terminal - Truck 19 is being loaded ... -20
2021-12-03 01:49:26 [pool-2-thread-12] INFO  by.epam.task5.entitty.Base - The current size of warehouse is 504
2021-12-03 01:49:26 [pool-2-thread-11] INFO  by.epam.task5.entitty.Base - The current size of warehouse is 469
2021-12-03 01:49:26 [pool-2-thread-16] INFO  by.epam.task5.entitty.Terminal - Truck 21 is being loaded ... -20
2021-12-03 01:49:26 [pool-2-thread-15] INFO  by.epam.task5.entitty.Terminal - Truck 20 is being loaded ... -20
2021-12-03 01:49:26 [pool-2-thread-14] INFO  by.epam.task5.entitty.Base - The current size of warehouse is 449
2021-12-03 01:49:26 [pool-2-thread-16] INFO  by.epam.task5.entitty.Base - The current size of warehouse is 429
2021-12-03 01:49:26 [pool-2-thread-15] INFO  by.epam.task5.entitty.Base - The current size of warehouse is 409
2021-12-03 01:49:26 [pool-2-thread-18] INFO  by.epam.task5.entitty.Terminal - Truck 25 is being loaded ... -30
2021-12-03 01:49:26 [pool-2-thread-17] INFO  by.epam.task5.entitty.Terminal - Truck 23 is being loaded ... -20
2021-12-03 01:49:26 [pool-2-thread-19] INFO  by.epam.task5.entitty.Terminal - Truck 26 is being loaded ... -30
2021-12-03 01:49:26 [pool-2-thread-20] INFO  by.epam.task5.entitty.Terminal - Truck 29 is being loaded ... -40
2021-12-03 01:49:26 [pool-2-thread-18] INFO  by.epam.task5.entitty.Base - The current size of warehouse is 379
2021-12-03 01:49:26 [pool-2-thread-17] INFO  by.epam.task5.entitty.Base - The current size of warehouse is 359
2021-12-03 01:49:26 [pool-2-thread-19] INFO  by.epam.task5.entitty.Base - The current size of warehouse is 329
