2021-12-06 00:36:05 [pool-2-thread-15] INFO  by.epam.task5.entitty.Terminal - Truck 24 is being loaded ... -30
2021-12-06 00:36:05 [pool-2-thread-15] INFO  by.epam.task5.entitty.Base - The current size of warehouse is 356
2021-12-06 00:36:05 [main] INFO  by.epam.task5.entitty.TruckQueue - Truck 27 with perishable goods was added to Queue
2021-12-06 00:36:05 [main] INFO  by.epam.task5.entitty.TruckQueue - Truck 27 is waiting for terminal...
2021-12-06 00:36:05 [pool-2-thread-18] INFO  by.epam.task5.entitty.Base - Truck 27 got terminal 8
2021-12-06 00:36:05 [pool-2-thread-18] INFO  by.epam.task5.entitty.Terminal - Truck 27 is being unloaded... +38
2021-12-06 00:36:05 [pool-2-thread-18] INFO  by.epam.task5.entitty.Base - The current size of warehouse is 394
2021-12-06 00:36:05 [pool-2-thread-13] INFO  by.epam.task5.entitty.Base - pool-2-thread-13 released 3
2021-12-06 00:36:05 [pool-2-thread-16] INFO  by.epam.task5.entitty.Terminal - Truck 25 is being loaded ... -30
2021-12-06 00:36:05 [pool-2-thread-16] INFO  by.epam.task5.entitty.Base - The current size of warehouse is 364
2021-12-06 00:36:05 [main] INFO  by.epam.task5.entitty.TruckQueue - Truck 28 with perishable goods was added to Queue
2021-12-06 00:36:05 [main] INFO  by.epam.task5.entitty.TruckQueue - Truck 28 is waiting for terminal...
2021-12-06 00:36:05 [pool-2-thread-19] INFO  by.epam.task5.entitty.Base - Truck 28 got terminal 9
2021-12-06 00:36:05 [pool-2-thread-19] INFO  by.epam.task5.entitty.Terminal - Truck 28 is being unloaded... +35
2021-12-06 00:36:05 [pool-2-thread-19] INFO  by.epam.task5.entitty.Base - The current size of warehouse is 399
2021-12-06 00:36:05 [pool-2-thread-14] INFO  by.epam.task5.entitty.Base - pool-2-thread-14 released 4
2021-12-06 00:36:05 [pool-2-thread-17] INFO  by.epam.task5.entitty.Terminal - Truck 26 is being loaded ... -30
2021-12-06 00:36:05 [pool-2-thread-17] INFO  by.epam.task5.entitty.Base - The current size of warehouse is 369
2021-12-06 00:36:05 [main] INFO  by.epam.task5.entitty.TruckQueue - Truck 29 was added to Queue
2021-12-06 00:36:05 [main] INFO  by.epam.task5.entitty.TruckQueue - Truck 29 is waiting for terminal...
2021-12-06 00:36:05 [pool-2-thread-20] INFO  by.epam.task5.entitty.Base - Truck 29 got terminal 10
2021-12-06 00:36:05 [pool-2-thread-20] INFO  by.epam.task5.entitty.Terminal - Truck 29 is being unloaded... +40
2021-12-06 00:36:05 [pool-2-thread-20] INFO  by.epam.task5.entitty.Base - The current size of warehouse is 409
2021-12-06 00:36:05 [pool-2-thread-15] INFO  by.epam.task5.entitty.Base - pool-2-thread-15 released 5
2021-12-06 00:36:05 [main] INFO  by.epam.task5.entitty.TruckQueue - Truck 30 was added to Queue
2021-12-06 00:36:05 [main] INFO  by.epam.task5.entitty.TruckQueue - Truck 30 is waiting for terminal...
2021-12-06 00:36:05 [pool-2-thread-21] INFO  by.epam.task5.entitty.Base - Truck 30 got terminal 1
2021-12-06 00:36:05 [pool-2-thread-21] INFO  by.epam.task5.entitty.Terminal - Truck 30 is being unloaded... +30
2021-12-06 00:36:05 [pool-2-thread-21] INFO  by.epam.task5.entitty.Base - The current size of warehouse is 439
2021-12-06 00:36:05 [pool-2-thread-18] INFO  by.epam.task5.entitty.Terminal - Truck 27 is being loaded ... -40
2021-12-06 00:36:05 [pool-2-thread-18] INFO  by.epam.task5.entitty.Base - The current size of warehouse is 399
2021-12-06 00:36:05 [pool-2-thread-16] INFO  by.epam.task5.entitty.Base - pool-2-thread-16 released 6
2021-12-06 00:36:05 [pool-2-thread-19] INFO  by.epam.task5.entitty.Terminal - Truck 28 is being loaded ... -40
2021-12-06 00:36:05 [pool-2-thread-19] INFO  by.epam.task5.entitty.Base - The current size of warehouse is 359
2021-12-06 00:36:05 [main] INFO  by.epam.task5.main.Main - Truck #10 has been served by terminal #1. Truck isPerishable - false
2021-12-06 00:36:05 [main] INFO  by.epam.task5.main.Main - Truck #11 has been served by terminal #2. Truck isPerishable - false
2021-12-06 00:36:05 [main] INFO  by.epam.task5.main.Main - Truck #12 has been served by terminal #3. Truck isPerishable - true
2021-12-06 00:36:05 [main] INFO  by.epam.task5.main.Main - Truck #13 has been served by terminal #4. Truck isPerishable - false
2021-12-06 00:36:05 [main] INFO  by.epam.task5.main.Main - Truck #14 has been served by terminal #5. Truck isPerishable - false
2021-12-06 00:36:05 [main] INFO  by.epam.task5.main.Main - Truck #15 has been served by terminal #6. Truck isPerishable - true
2021-12-06 00:36:05 [main] INFO  by.epam.task5.main.Main - Truck #16 has been served by terminal #7. Truck isPerishable - false
2021-12-06 00:36:05 [main] INFO  by.epam.task5.main.Main - Truck #17 has been served by terminal #8. Truck isPerishable - false
2021-12-06 00:36:05 [main] INFO  by.epam.task5.main.Main - Truck #18 has been served by terminal #9. Truck isPerishable - true
2021-12-06 00:36:05 [main] INFO  by.epam.task5.main.Main - Truck #19 has been served by terminal #10. Truck isPerishable - false
2021-12-06 00:36:05 [main] INFO  by.epam.task5.main.Main - Truck #20 has been served by terminal #1. Truck isPerishable - false
2021-12-06 00:36:05 [main] INFO  by.epam.task5.main.Main - Truck #21 has been served by terminal #2. Truck isPerishable - false
2021-12-06 00:36:05 [main] INFO  by.epam.task5.main.Main - Truck #22 has been served by terminal #3. Truck isPerishable - true
2021-12-06 00:36:05 [main] INFO  by.epam.task5.main.Main - Truck #23 has been served by terminal #4. Truck isPerishable - false
2021-12-06 00:36:05 [main] INFO  by.epam.task5.main.Main - Truck #24 has been served by terminal #5. Truck isPerishable - true
2021-12-06 00:36:05 [main] INFO  by.epam.task5.main.Main - Truck #25 has been served by terminal #6. Truck isPerishable - false
2021-12-06 00:36:05 [pool-2-thread-17] INFO  by.epam.task5.entitty.Base - pool-2-thread-17 released 7
2021-12-06 00:36:05 [main] INFO  by.epam.task5.main.Main - Truck #26 has been served by terminal #7. Truck isPerishable - false
2021-12-06 00:36:05 [pool-2-thread-20] INFO  by.epam.task5.entitty.Terminal - Truck 29 is being loaded ... -40
2021-12-06 00:36:05 [pool-2-thread-20] INFO  by.epam.task5.entitty.Base - The current size of warehouse is 319
2021-12-06 00:36:05 [pool-2-thread-21] INFO  by.epam.task5.entitty.Terminal - Truck 30 is being loaded ... -40
2021-12-06 00:36:05 [pool-2-thread-21] INFO  by.epam.task5.entitty.Base - The current size of warehouse is 279
2021-12-06 00:36:05 [pool-2-thread-18] INFO  by.epam.task5.entitty.Base - pool-2-thread-18 released 8
2021-12-06 00:36:05 [main] INFO  by.epam.task5.main.Main - Truck #27 has been served by terminal #8. Truck isPerishable - true
2021-12-06 00:36:05 [pool-2-thread-19] INFO  by.epam.task5.entitty.Base - pool-2-thread-19 released 9
2021-12-06 00:36:05 [main] INFO  by.epam.task5.main.Main - Truck #28 has been served by terminal #9. Truck isPerishable - true
2021-12-06 00:36:05 [pool-2-thread-20] INFO  by.epam.task5.entitty.Base - pool-2-thread-20 released 10
2021-12-06 00:36:05 [main] INFO  by.epam.task5.main.Main - Truck #29 has been served by terminal #10. Truck isPerishable - false
2021-12-06 00:36:06 [pool-2-thread-21] INFO  by.epam.task5.entitty.Base - pool-2-thread-21 released 1
2021-12-06 00:36:06 [main] INFO  by.epam.task5.main.Main - Truck #30 has been served by terminal #1. Truck isPerishable - false
2021-12-06 00:37:36 [main] INFO  epam.task5.parser.impl.DataParserImpl - Truck 10 is created Truck[truckId=10, loadSize=8, capacity=10, isPerishable=false]
2021-12-06 00:37:36 [main] INFO  epam.task5.parser.impl.DataParserImpl - Truck 11 is created Truck[truckId=11, loadSize=10, capacity=10, isPerishable=false]
2021-12-06 00:37:36 [main] INFO  epam.task5.parser.impl.DataParserImpl - Truck 12 is created Truck[truckId=12, loadSize=9, capacity=10, isPerishable=true]
2021-12-06 00:37:36 [main] INFO  epam.task5.parser.impl.DataParserImpl - Truck 13 is created Truck[truckId=13, loadSize=12, capacity=15, isPerishable=false]
2021-12-06 00:37:36 [main] INFO  epam.task5.parser.impl.DataParserImpl - Truck 14 is created Truck[truckId=14, loadSize=14, capacity=15, isPerishable=false]
2021-12-06 00:37:36 [main] INFO  epam.task5.parser.impl.DataParserImpl - Truck 15 is created Truck[truckId=15, loadSize=15, capacity=15, isPerishable=true]
2021-12-06 00:37:36 [main] INFO  epam.task5.parser.impl.DataParserImpl - Truck 16 is created Truck[truckId=16, loadSize=7, capacity=15, isPerishable=false]
2021-12-06 00:37:36 [main] INFO  epam.task5.parser.impl.DataParserImpl - Truck 17 is created Truck[truckId=17, loadSize=20, capacity=20, isPerishable=false]
2021-12-06 00:37:36 [main] INFO  epam.task5.parser.impl.DataParserImpl - Truck 18 is created Truck[truckId=18, loadSize=18, capacity=20, isPerishable=true]
2021-12-06 00:37:36 [main] INFO  epam.task5.parser.impl.DataParserImpl - Truck 19 is created Truck[truckId=19, loadSize=20, capacity=20, isPerishable=false]
2021-12-06 00:37:36 [main] INFO  epam.task5.parser.impl.DataParserImpl - Truck 20 is created Truck[truckId=20, loadSize=19, capacity=20, isPerishable=false]
2021-12-06 00:37:36 [main] INFO  epam.task5.parser.impl.DataParserImpl - Truck 21 is created Truck[truckId=21, loadSize=20, capacity=20, isPerishable=false]
2021-12-06 00:37:36 [main] INFO  epam.task5.parser.impl.DataParserImpl - Truck 22 is created Truck[truckId=22, loadSize=18, capacity=20, isPerishable=true]
2021-12-06 00:37:36 [main] INFO  epam.task5.parser.impl.DataParserImpl - Truck 23 is created Truck[truckId=23, loadSize=10, capacity=20, isPerishable=false]
2021-12-06 00:37:36 [main] INFO  epam.task5.parser.impl.DataParserImpl - Truck 24 is created Truck[truckId=24, loadSize=25, capacity=30, isPerishable=true]
2021-12-06 00:37:36 [main] INFO  epam.task5.parser.impl.DataParserImpl - Truck 25 is created Truck[truckId=25, loadSize=28, capacity=30, isPerishable=false]
2021-12-06 00:37:36 [main] INFO  epam.task5.parser.impl.DataParserImpl - Truck 26 is created Truck[truckId=26, loadSize=30, capacity=30, isPerishable=false]
2021-12-06 00:37:36 [main] INFO  epam.task5.parser.impl.DataParserImpl - Truck 27 is created Truck[truckId=27, loadSize=38, capacity=40, isPerishable=true]
2021-12-06 00:37:36 [main] INFO  epam.task5.parser.impl.DataParserImpl - Truck 28 is created Truck[truckId=28, loadSize=35, capacity=40, isPerishable=true]
