2021-12-06 00:59:31 [main] INFO  epam.task5.parser.impl.DataParserImpl - Truck 13 is created Truck[truckId=13, loadSize=12, capacity=15, isPerishable=false]
2021-12-06 00:59:31 [main] INFO  epam.task5.parser.impl.DataParserImpl - Truck 14 is created Truck[truckId=14, loadSize=14, capacity=15, isPerishable=false]
2021-12-06 00:59:31 [main] INFO  epam.task5.parser.impl.DataParserImpl - Truck 15 is created Truck[truckId=15, loadSize=15, capacity=15, isPerishable=true]
2021-12-06 00:59:31 [main] INFO  epam.task5.parser.impl.DataParserImpl - Truck 16 is created Truck[truckId=16, loadSize=7, capacity=15, isPerishable=false]
2021-12-06 00:59:31 [main] INFO  epam.task5.parser.impl.DataParserImpl - Truck 17 is created Truck[truckId=17, loadSize=20, capacity=20, isPerishable=false]
2021-12-06 00:59:31 [main] INFO  epam.task5.parser.impl.DataParserImpl - Truck 18 is created Truck[truckId=18, loadSize=18, capacity=20, isPerishable=true]
2021-12-06 00:59:31 [main] INFO  epam.task5.parser.impl.DataParserImpl - Truck 19 is created Truck[truckId=19, loadSize=20, capacity=20, isPerishable=false]
2021-12-06 00:59:31 [main] INFO  epam.task5.parser.impl.DataParserImpl - Truck 20 is created Truck[truckId=20, loadSize=19, capacity=20, isPerishable=false]
2021-12-06 00:59:31 [main] INFO  epam.task5.parser.impl.DataParserImpl - Truck 21 is created Truck[truckId=21, loadSize=20, capacity=20, isPerishable=false]
2021-12-06 00:59:31 [main] INFO  epam.task5.parser.impl.DataParserImpl - Truck 22 is created Truck[truckId=22, loadSize=18, capacity=20, isPerishable=true]
2021-12-06 00:59:31 [main] INFO  epam.task5.parser.impl.DataParserImpl - Truck 23 is created Truck[truckId=23, loadSize=10, capacity=20, isPerishable=false]
2021-12-06 00:59:31 [main] INFO  epam.task5.parser.impl.DataParserImpl - Truck 24 is created Truck[truckId=24, loadSize=25, capacity=30, isPerishable=true]
2021-12-06 00:59:31 [main] INFO  epam.task5.parser.impl.DataParserImpl - Truck 25 is created Truck[truckId=25, loadSize=28, capacity=30, isPerishable=false]
2021-12-06 00:59:31 [main] INFO  epam.task5.parser.impl.DataParserImpl - Truck 26 is created Truck[truckId=26, loadSize=30, capacity=30, isPerishable=false]
2021-12-06 00:59:31 [main] INFO  epam.task5.parser.impl.DataParserImpl - Truck 27 is created Truck[truckId=27, loadSize=38, capacity=40, isPerishable=true]
2021-12-06 00:59:31 [main] INFO  epam.task5.parser.impl.DataParserImpl - Truck 28 is created Truck[truckId=28, loadSize=35, capacity=40, isPerishable=true]
2021-12-06 00:59:31 [main] INFO  epam.task5.parser.impl.DataParserImpl - Truck 29 is created Truck[truckId=29, loadSize=40, capacity=40, isPerishable=false]
2021-12-06 00:59:31 [main] INFO  epam.task5.parser.impl.DataParserImpl - Truck 30 is created Truck[truckId=30, loadSize=30, capacity=40, isPerishable=false]
2021-12-06 00:59:31 [main] INFO  epam.task5.parser.impl.DataParserImpl - Trucks creation is completed. Number of trucks: 21
2021-12-06 00:59:31 [main] INFO  by.epam.task5.entitty.TruckQueue - Truck 10 was added to Queue
2021-12-06 00:59:31 [main] INFO  by.epam.task5.entitty.TruckQueue - Truck 11 was added to Queue
2021-12-06 00:59:31 [main] INFO  by.epam.task5.entitty.TruckQueue - Truck 12 with perishable goods was added to Queue
2021-12-06 00:59:31 [main] INFO  by.epam.task5.entitty.TruckQueue - Truck 13 was added to Queue
2021-12-06 00:59:31 [main] INFO  by.epam.task5.entitty.TruckQueue - Truck 14 was added to Queue
2021-12-06 00:59:31 [main] INFO  by.epam.task5.entitty.TruckQueue - Truck 15 with perishable goods was added to Queue
2021-12-06 00:59:31 [main] INFO  by.epam.task5.entitty.TruckQueue - Truck 16 was added to Queue
2021-12-06 00:59:31 [main] INFO  by.epam.task5.entitty.TruckQueue - Truck 17 was added to Queue
2021-12-06 00:59:31 [main] INFO  by.epam.task5.entitty.TruckQueue - Truck 18 with perishable goods was added to Queue
2021-12-06 00:59:31 [main] INFO  by.epam.task5.entitty.TruckQueue - Truck 19 was added to Queue
2021-12-06 00:59:31 [main] INFO  by.epam.task5.entitty.TruckQueue - Truck 20 was added to Queue
2021-12-06 00:59:31 [main] INFO  by.epam.task5.entitty.TruckQueue - Truck 21 was added to Queue
2021-12-06 00:59:31 [main] INFO  by.epam.task5.entitty.TruckQueue - Truck 22 with perishable goods was added to Queue
2021-12-06 00:59:31 [main] INFO  by.epam.task5.entitty.TruckQueue - Truck 23 was added to Queue
2021-12-06 00:59:31 [main] INFO  by.epam.task5.entitty.TruckQueue - Truck 24 with perishable goods was added to Queue
2021-12-06 00:59:31 [main] INFO  by.epam.task5.entitty.TruckQueue - Truck 25 was added to Queue
2021-12-06 00:59:31 [main] INFO  by.epam.task5.entitty.TruckQueue - Truck 26 was added to Queue
2021-12-06 00:59:31 [main] INFO  by.epam.task5.entitty.TruckQueue - Truck 27 with perishable goods was added to Queue
2021-12-06 00:59:31 [main] INFO  by.epam.task5.entitty.TruckQueue - Truck 28 with perishable goods was added to Queue
2021-12-06 00:59:31 [main] INFO  by.epam.task5.entitty.TruckQueue - Truck 29 was added to Queue
2021-12-06 00:59:31 [main] INFO  by.epam.task5.entitty.TruckQueue - Truck 30 was added to Queue
2021-12-06 00:59:31 [main] INFO  by.epam.task5.entitty.TruckQueue - All trucks were added to Queue
2021-12-06 00:59:31 [main] INFO  by.epam.task5.entitty.TruckQueue - Truck 28 is waiting for terminal...
2021-12-06 00:59:31 [pool-2-thread-1] INFO  by.epam.task5.entitty.Base - Truck 28 got terminal 1
2021-12-06 00:59:31 [pool-2-thread-1] INFO  by.epam.task5.entitty.Terminal - Truck 28 is being unloaded... +35
2021-12-06 00:59:31 [pool-2-thread-1] INFO  by.epam.task5.entitty.Base - The current size of warehouse is 368
2021-12-06 00:59:31 [main] INFO  by.epam.task5.entitty.TruckQueue - Truck 27 is waiting for terminal...
2021-12-06 00:59:31 [pool-2-thread-2] INFO  by.epam.task5.entitty.Base - Truck 27 got terminal 2
2021-12-06 00:59:31 [pool-2-thread-2] INFO  by.epam.task5.entitty.Terminal - Truck 27 is being unloaded... +38
2021-12-06 00:59:31 [pool-2-thread-2] INFO  by.epam.task5.entitty.Base - The current size of warehouse is 406
2021-12-06 00:59:31 [main] INFO  by.epam.task5.entitty.TruckQueue - Truck 24 is waiting for terminal...
2021-12-06 00:59:31 [pool-2-thread-3] INFO  by.epam.task5.entitty.Base - Truck 24 got terminal 3
2021-12-06 00:59:31 [pool-2-thread-3] INFO  by.epam.task5.entitty.Terminal - Truck 24 is being unloaded... +25
2021-12-06 00:59:31 [pool-2-thread-3] INFO  by.epam.task5.entitty.Base - The current size of warehouse is 431
2021-12-06 00:59:31 [pool-2-thread-1] INFO  by.epam.task5.entitty.Terminal - Truck 28 is being loaded ... -40
2021-12-06 00:59:31 [pool-2-thread-1] INFO  by.epam.task5.entitty.Base - The current size of warehouse is 391
2021-12-06 00:59:31 [main] INFO  by.epam.task5.entitty.TruckQueue - Truck 22 is waiting for terminal...
2021-12-06 00:59:31 [pool-2-thread-4] INFO  by.epam.task5.entitty.Base - Truck 22 got terminal 4
2021-12-06 00:59:31 [pool-2-thread-4] INFO  by.epam.task5.entitty.Terminal - Truck 22 is being unloaded... +18
2021-12-06 00:59:31 [pool-2-thread-4] INFO  by.epam.task5.entitty.Base - The current size of warehouse is 409
2021-12-06 00:59:31 [pool-2-thread-2] INFO  by.epam.task5.entitty.Terminal - Truck 27 is being loaded ... -40
2021-12-06 00:59:31 [pool-2-thread-2] INFO  by.epam.task5.entitty.Base - The current size of warehouse is 369
2021-12-06 00:59:31 [main] INFO  by.epam.task5.entitty.TruckQueue - Truck 18 is waiting for terminal...
2021-12-06 00:59:31 [pool-2-thread-5] INFO  by.epam.task5.entitty.Base - Truck 18 got terminal 5
2021-12-06 00:59:31 [pool-2-thread-5] INFO  by.epam.task5.entitty.Terminal - Truck 18 is being unloaded... +18
2021-12-06 00:59:31 [pool-2-thread-5] INFO  by.epam.task5.entitty.Base - The current size of warehouse is 387
2021-12-06 00:59:31 [pool-2-thread-3] INFO  by.epam.task5.entitty.Terminal - Truck 24 is being loaded ... -30
2021-12-06 00:59:31 [pool-2-thread-3] INFO  by.epam.task5.entitty.Base - The current size of warehouse is 357
2021-12-06 00:59:31 [main] INFO  by.epam.task5.entitty.TruckQueue - Truck 15 is waiting for terminal...
2021-12-06 00:59:31 [pool-2-thread-1] INFO  by.epam.task5.entitty.Base - pool-2-thread-1 released 1
2021-12-06 00:59:31 [pool-2-thread-6] INFO  by.epam.task5.entitty.Base - Truck 15 got terminal 1
2021-12-06 00:59:31 [pool-2-thread-6] INFO  by.epam.task5.entitty.Terminal - Truck 15 is being unloaded... +15
2021-12-06 00:59:31 [pool-2-thread-6] INFO  by.epam.task5.entitty.Base - The current size of warehouse is 372
2021-12-06 00:59:31 [pool-2-thread-4] INFO  by.epam.task5.entitty.Terminal - Truck 22 is being loaded ... -20
2021-12-06 00:59:31 [pool-2-thread-4] INFO  by.epam.task5.entitty.Base - The current size of warehouse is 352
2021-12-06 00:59:31 [main] INFO  by.epam.task5.entitty.TruckQueue - Truck 12 is waiting for terminal...
2021-12-06 00:59:32 [pool-2-thread-5] INFO  by.epam.task5.entitty.Terminal - Truck 18 is being loaded ... -20
2021-12-06 00:59:32 [pool-2-thread-2] INFO  by.epam.task5.entitty.Base - pool-2-thread-2 released 2
2021-12-06 00:59:32 [pool-2-thread-5] INFO  by.epam.task5.entitty.Base - The current size of warehouse is 332
2021-12-06 00:59:32 [pool-2-thread-7] INFO  by.epam.task5.entitty.Base - Truck 12 got terminal 2
2021-12-06 00:59:32 [pool-2-thread-7] INFO  by.epam.task5.entitty.Terminal - Truck 12 is being unloaded... +9
2021-12-06 00:59:32 [pool-2-thread-7] INFO  by.epam.task5.entitty.Base - The current size of warehouse is 341
2021-12-06 00:59:32 [main] INFO  by.epam.task5.entitty.TruckQueue - Truck 10 is waiting for terminal...
2021-12-06 00:59:32 [pool-2-thread-3] INFO  by.epam.task5.entitty.Base - pool-2-thread-3 released 3
2021-12-06 00:59:32 [pool-2-thread-8] INFO  by.epam.task5.entitty.Base - Truck 10 got terminal 3
2021-12-06 00:59:32 [pool-2-thread-8] INFO  by.epam.task5.entitty.Terminal - Truck 10 is being unloaded... +8
2021-12-06 00:59:32 [pool-2-thread-8] INFO  by.epam.task5.entitty.Base - The current size of warehouse is 349
2021-12-06 00:59:32 [main] INFO  by.epam.task5.entitty.TruckQueue - Truck 11 is waiting for terminal...
2021-12-06 00:59:32 [pool-2-thread-4] INFO  by.epam.task5.entitty.Base - pool-2-thread-4 released 4
2021-12-06 00:59:32 [pool-2-thread-6] INFO  by.epam.task5.entitty.Terminal - Truck 15 is being loaded ... -15
