2021-12-06 00:45:17 [main] INFO  by.epam.task5.entitty.TruckQueue - Truck 28 is waiting for terminal...
2021-12-06 00:45:17 [pool-2-thread-9] INFO  by.epam.task5.entitty.Base - The current size of warehouse is 336
2021-12-06 00:45:17 [main] INFO  by.epam.task5.entitty.TruckQueue - Truck 29 was added to Queue
2021-12-06 00:45:17 [pool-2-thread-10] INFO  by.epam.task5.entitty.Terminal - Truck 19 is being loaded ... -20
2021-12-06 00:45:17 [main] INFO  by.epam.task5.entitty.TruckQueue - Truck 29 is waiting for terminal...
2021-12-06 00:45:17 [pool-2-thread-10] INFO  by.epam.task5.entitty.Base - The current size of warehouse is 316
2021-12-06 00:45:17 [main] INFO  by.epam.task5.entitty.TruckQueue - Truck 30 was added to Queue
2021-12-06 00:45:17 [pool-2-thread-6] INFO  by.epam.task5.entitty.Base - pool-2-thread-6 released 1
2021-12-06 00:45:17 [pool-2-thread-11] INFO  by.epam.task5.entitty.Base - Truck 20 got terminal 1
2021-12-06 00:45:17 [pool-2-thread-11] INFO  by.epam.task5.entitty.Terminal - Truck 20 is being unloaded... +19
2021-12-06 00:45:17 [pool-2-thread-11] INFO  by.epam.task5.entitty.Base - The current size of warehouse is 335
2021-12-06 00:45:17 [pool-2-thread-7] INFO  by.epam.task5.entitty.Base - pool-2-thread-7 released 2
2021-12-06 00:45:17 [pool-2-thread-12] INFO  by.epam.task5.entitty.Base - Truck 21 got terminal 2
2021-12-06 00:45:17 [pool-2-thread-12] INFO  by.epam.task5.entitty.Terminal - Truck 21 is being unloaded... +20
2021-12-06 00:45:17 [pool-2-thread-12] INFO  by.epam.task5.entitty.Base - The current size of warehouse is 355
2021-12-06 00:45:17 [main] INFO  by.epam.task5.entitty.TruckQueue - Truck 30 is waiting for terminal...
2021-12-06 00:45:17 [main] INFO  by.epam.task5.main.Main - Truck #10 has been served by terminal #1. Truck isPerishable - false
2021-12-06 00:45:17 [main] INFO  by.epam.task5.main.Main - Truck #11 has been served by terminal #2. Truck isPerishable - false
2021-12-06 00:45:17 [main] INFO  by.epam.task5.main.Main - Truck #12 has been served by terminal #3. Truck isPerishable - true
2021-12-06 00:45:17 [main] INFO  by.epam.task5.main.Main - Truck #13 has been served by terminal #4. Truck isPerishable - false
2021-12-06 00:45:17 [main] INFO  by.epam.task5.main.Main - Truck #14 has been served by terminal #5. Truck isPerishable - false
2021-12-06 00:45:17 [main] INFO  by.epam.task5.main.Main - Truck #15 has been served by terminal #1. Truck isPerishable - true
2021-12-06 00:45:17 [main] INFO  by.epam.task5.main.Main - Truck #16 has been served by terminal #2. Truck isPerishable - false
2021-12-06 00:45:18 [pool-2-thread-8] INFO  by.epam.task5.entitty.Base - pool-2-thread-8 released 3
2021-12-06 00:45:18 [main] INFO  by.epam.task5.main.Main - Truck #17 has been served by terminal #3. Truck isPerishable - false
2021-12-06 00:45:18 [pool-2-thread-13] INFO  by.epam.task5.entitty.Base - Truck 22 got terminal 3
2021-12-06 00:45:18 [pool-2-thread-13] INFO  by.epam.task5.entitty.Terminal - Truck 22 is being unloaded... +18
2021-12-06 00:45:18 [pool-2-thread-13] INFO  by.epam.task5.entitty.Base - The current size of warehouse is 373
2021-12-06 00:45:18 [pool-2-thread-9] INFO  by.epam.task5.entitty.Base - pool-2-thread-9 released 4
2021-12-06 00:45:18 [pool-2-thread-14] INFO  by.epam.task5.entitty.Base - Truck 23 got terminal 4
2021-12-06 00:45:18 [main] INFO  by.epam.task5.main.Main - Truck #18 has been served by terminal #4. Truck isPerishable - true
2021-12-06 00:45:18 [pool-2-thread-14] INFO  by.epam.task5.entitty.Terminal - Truck 23 is being unloaded... +10
2021-12-06 00:45:18 [pool-2-thread-14] INFO  by.epam.task5.entitty.Base - The current size of warehouse is 383
2021-12-06 00:45:18 [pool-2-thread-10] INFO  by.epam.task5.entitty.Base - pool-2-thread-10 released 5
2021-12-06 00:45:18 [pool-2-thread-15] INFO  by.epam.task5.entitty.Base - Truck 24 got terminal 5
2021-12-06 00:45:18 [main] INFO  by.epam.task5.main.Main - Truck #19 has been served by terminal #5. Truck isPerishable - false
2021-12-06 00:45:18 [pool-2-thread-15] INFO  by.epam.task5.entitty.Terminal - Truck 24 is being unloaded... +25
2021-12-06 00:45:18 [pool-2-thread-15] INFO  by.epam.task5.entitty.Base - The current size of warehouse is 408
2021-12-06 00:45:18 [pool-2-thread-11] INFO  by.epam.task5.entitty.Terminal - Truck 20 is being loaded ... -20
2021-12-06 00:45:18 [pool-2-thread-11] INFO  by.epam.task5.entitty.Base - The current size of warehouse is 388
2021-12-06 00:45:18 [pool-2-thread-12] INFO  by.epam.task5.entitty.Terminal - Truck 21 is being loaded ... -20
2021-12-06 00:45:18 [pool-2-thread-12] INFO  by.epam.task5.entitty.Base - The current size of warehouse is 368
2021-12-06 00:45:18 [pool-2-thread-13] INFO  by.epam.task5.entitty.Terminal - Truck 22 is being loaded ... -20
2021-12-06 00:45:18 [pool-2-thread-13] INFO  by.epam.task5.entitty.Base - The current size of warehouse is 348
2021-12-06 00:45:18 [pool-2-thread-14] INFO  by.epam.task5.entitty.Terminal - Truck 23 is being loaded ... -20
2021-12-06 00:45:18 [pool-2-thread-14] INFO  by.epam.task5.entitty.Base - The current size of warehouse is 328
2021-12-06 00:45:18 [pool-2-thread-15] INFO  by.epam.task5.entitty.Terminal - Truck 24 is being loaded ... -30
2021-12-06 00:45:18 [pool-2-thread-15] INFO  by.epam.task5.entitty.Base - The current size of warehouse is 298
2021-12-06 00:45:18 [pool-2-thread-11] INFO  by.epam.task5.entitty.Base - pool-2-thread-11 released 1
2021-12-06 00:45:18 [main] INFO  by.epam.task5.main.Main - Truck #20 has been served by terminal #1. Truck isPerishable - false
2021-12-06 00:45:18 [pool-2-thread-16] INFO  by.epam.task5.entitty.Base - Truck 25 got terminal 1
2021-12-06 00:45:18 [pool-2-thread-16] INFO  by.epam.task5.entitty.Terminal - Truck 25 is being unloaded... +28
2021-12-06 00:45:18 [pool-2-thread-16] INFO  by.epam.task5.entitty.Base - The current size of warehouse is 326
2021-12-06 00:45:18 [pool-2-thread-12] INFO  by.epam.task5.entitty.Base - pool-2-thread-12 released 2
2021-12-06 00:45:18 [main] INFO  by.epam.task5.main.Main - Truck #21 has been served by terminal #2. Truck isPerishable - false
2021-12-06 00:45:18 [pool-2-thread-17] INFO  by.epam.task5.entitty.Base - Truck 26 got terminal 2
2021-12-06 00:45:18 [pool-2-thread-17] INFO  by.epam.task5.entitty.Terminal - Truck 26 is being unloaded... +30
2021-12-06 00:45:18 [pool-2-thread-17] INFO  by.epam.task5.entitty.Base - The current size of warehouse is 356
2021-12-06 00:45:18 [pool-2-thread-13] INFO  by.epam.task5.entitty.Base - pool-2-thread-13 released 3
2021-12-06 00:45:18 [main] INFO  by.epam.task5.main.Main - Truck #22 has been served by terminal #3. Truck isPerishable - true
2021-12-06 00:45:18 [pool-2-thread-18] INFO  by.epam.task5.entitty.Base - Truck 27 got terminal 3
2021-12-06 00:45:18 [pool-2-thread-18] INFO  by.epam.task5.entitty.Terminal - Truck 27 is being unloaded... +38
2021-12-06 00:45:18 [pool-2-thread-18] INFO  by.epam.task5.entitty.Base - The current size of warehouse is 394
2021-12-06 00:45:18 [pool-2-thread-14] INFO  by.epam.task5.entitty.Base - pool-2-thread-14 released 4
2021-12-06 00:45:18 [main] INFO  by.epam.task5.main.Main - Truck #23 has been served by terminal #4. Truck isPerishable - false
2021-12-06 00:45:18 [pool-2-thread-19] INFO  by.epam.task5.entitty.Base - Truck 28 got terminal 4
2021-12-06 00:45:18 [pool-2-thread-19] INFO  by.epam.task5.entitty.Terminal - Truck 28 is being unloaded... +35
2021-12-06 00:45:18 [pool-2-thread-19] INFO  by.epam.task5.entitty.Base - The current size of warehouse is 429
2021-12-06 00:45:18 [pool-2-thread-15] INFO  by.epam.task5.entitty.Base - pool-2-thread-15 released 5
2021-12-06 00:45:18 [main] INFO  by.epam.task5.main.Main - Truck #24 has been served by terminal #5. Truck isPerishable - true
2021-12-06 00:45:18 [pool-2-thread-20] INFO  by.epam.task5.entitty.Base - Truck 29 got terminal 5
2021-12-06 00:45:18 [pool-2-thread-20] INFO  by.epam.task5.entitty.Terminal - Truck 29 is being unloaded... +40
2021-12-06 00:45:18 [pool-2-thread-20] INFO  by.epam.task5.entitty.Base - The current size of warehouse is 469
2021-12-06 00:45:18 [pool-2-thread-16] INFO  by.epam.task5.entitty.Terminal - Truck 25 is being loaded ... -30
2021-12-06 00:45:18 [pool-2-thread-16] INFO  by.epam.task5.entitty.Base - The current size of warehouse is 439
2021-12-06 00:45:18 [pool-2-thread-17] INFO  by.epam.task5.entitty.Terminal - Truck 26 is being loaded ... -30
2021-12-06 00:45:18 [pool-2-thread-17] INFO  by.epam.task5.entitty.Base - The current size of warehouse is 409
2021-12-06 00:45:18 [pool-2-thread-18] INFO  by.epam.task5.entitty.Terminal - Truck 27 is being loaded ... -40
2021-12-06 00:45:18 [pool-2-thread-18] INFO  by.epam.task5.entitty.Base - The current size of warehouse is 369
2021-12-06 00:45:19 [pool-2-thread-19] INFO  by.epam.task5.entitty.Terminal - Truck 28 is being loaded ... -40
2021-12-06 00:45:19 [pool-2-thread-19] INFO  by.epam.task5.entitty.Base - The current size of warehouse is 329
2021-12-06 00:45:19 [pool-2-thread-20] INFO  by.epam.task5.entitty.Terminal - Truck 29 is being loaded ... -40
2021-12-06 00:45:19 [pool-2-thread-20] INFO  by.epam.task5.entitty.Base - The current size of warehouse is 289
2021-12-06 00:45:19 [pool-2-thread-16] INFO  by.epam.task5.entitty.Base - pool-2-thread-16 released 1
2021-12-06 00:45:19 [main] INFO  by.epam.task5.main.Main - Truck #25 has been served by terminal #1. Truck isPerishable - false
2021-12-06 00:45:19 [pool-2-thread-21] INFO  by.epam.task5.entitty.Base - Truck 30 got terminal 1
2021-12-06 00:45:19 [pool-2-thread-21] INFO  by.epam.task5.entitty.Terminal - Truck 30 is being unloaded... +30
2021-12-06 00:45:19 [pool-2-thread-21] INFO  by.epam.task5.entitty.Base - The current size of warehouse is 319
2021-12-06 00:45:19 [pool-2-thread-17] INFO  by.epam.task5.entitty.Base - pool-2-thread-17 released 2
2021-12-06 00:45:19 [main] INFO  by.epam.task5.main.Main - Truck #26 has been served by terminal #2. Truck isPerishable - false
2021-12-06 00:45:19 [pool-2-thread-18] INFO  by.epam.task5.entitty.Base - pool-2-thread-18 released 3
2021-12-06 00:45:19 [main] INFO  by.epam.task5.main.Main - Truck #27 has been served by terminal #3. Truck isPerishable - true
