2021-12-06 00:51:53 [main] INFO  epam.task5.parser.impl.DataParserImpl - Truck 24 is created Truck[truckId=24, loadSize=25, capacity=30, isPerishable=true]
2021-12-06 00:51:53 [main] INFO  epam.task5.parser.impl.DataParserImpl - Truck 25 is created Truck[truckId=25, loadSize=28, capacity=30, isPerishable=false]
2021-12-06 00:51:53 [main] INFO  epam.task5.parser.impl.DataParserImpl - Truck 26 is created Truck[truckId=26, loadSize=30, capacity=30, isPerishable=false]
2021-12-06 00:51:53 [main] INFO  epam.task5.parser.impl.DataParserImpl - Truck 27 is created Truck[truckId=27, loadSize=38, capacity=40, isPerishable=true]
2021-12-06 00:51:53 [main] INFO  epam.task5.parser.impl.DataParserImpl - Truck 28 is created Truck[truckId=28, loadSize=35, capacity=40, isPerishable=true]
2021-12-06 00:51:53 [main] INFO  epam.task5.parser.impl.DataParserImpl - Truck 29 is created Truck[truckId=29, loadSize=40, capacity=40, isPerishable=false]
2021-12-06 00:51:53 [main] INFO  epam.task5.parser.impl.DataParserImpl - Truck 30 is created Truck[truckId=30, loadSize=30, capacity=40, isPerishable=false]
2021-12-06 00:51:53 [main] INFO  epam.task5.parser.impl.DataParserImpl - Trucks creation is completed. Number of trucks: 21
2021-12-06 00:51:53 [pool-2-thread-12] INFO  by.epam.task5.entitty.TruckQueue - Truck 21 was added to Queue
2021-12-06 00:51:53 [pool-2-thread-14] INFO  by.epam.task5.entitty.TruckQueue - Truck 23 was added to Queue
2021-12-06 00:51:53 [pool-2-thread-2] INFO  by.epam.task5.entitty.TruckQueue - Truck 11 was added to Queue
2021-12-06 00:51:53 [pool-2-thread-1] INFO  by.epam.task5.entitty.TruckQueue - Truck 10 was added to Queue
2021-12-06 00:51:53 [pool-2-thread-19] INFO  by.epam.task5.entitty.TruckQueue - Truck 28 with perishable goods was added to Queue
2021-12-06 00:51:53 [pool-2-thread-11] INFO  by.epam.task5.entitty.TruckQueue - Truck 20 was added to Queue
2021-12-06 00:51:53 [pool-2-thread-19] INFO  by.epam.task5.entitty.TruckQueue - Truck 28 is waiting for terminal...
2021-12-06 00:51:53 [pool-2-thread-1] INFO  by.epam.task5.entitty.TruckQueue - Truck 10 is waiting for terminal...
2021-12-06 00:51:53 [pool-2-thread-13] INFO  by.epam.task5.entitty.TruckQueue - Truck 22 with perishable goods was added to Queue
2021-12-06 00:51:53 [pool-2-thread-11] INFO  by.epam.task5.entitty.TruckQueue - Truck 20 is waiting for terminal...
2021-12-06 00:51:53 [pool-2-thread-12] INFO  by.epam.task5.entitty.TruckQueue - Truck 21 is waiting for terminal...
2021-12-06 00:51:53 [pool-2-thread-16] INFO  by.epam.task5.entitty.TruckQueue - Truck 25 was added to Queue
2021-12-06 00:51:53 [pool-2-thread-2] INFO  by.epam.task5.entitty.TruckQueue - Truck 11 is waiting for terminal...
2021-12-06 00:51:53 [pool-2-thread-9] INFO  by.epam.task5.entitty.TruckQueue - Truck 18 with perishable goods was added to Queue
2021-12-06 00:51:53 [pool-2-thread-10] INFO  by.epam.task5.entitty.TruckQueue - Truck 19 was added to Queue
2021-12-06 00:51:53 [pool-2-thread-14] INFO  by.epam.task5.entitty.TruckQueue - Truck 23 is waiting for terminal...
2021-12-06 00:51:53 [pool-2-thread-10] INFO  by.epam.task5.entitty.TruckQueue - Truck 19 is waiting for terminal...
2021-12-06 00:51:53 [pool-2-thread-13] INFO  by.epam.task5.entitty.TruckQueue - Truck 22 is waiting for terminal...
2021-12-06 00:51:53 [pool-2-thread-16] INFO  by.epam.task5.entitty.TruckQueue - Truck 25 is waiting for terminal...
2021-12-06 00:51:53 [pool-2-thread-9] INFO  by.epam.task5.entitty.TruckQueue - Truck 18 is waiting for terminal...
2021-12-06 00:51:53 [pool-2-thread-20] INFO  by.epam.task5.entitty.TruckQueue - Truck 29 was added to Queue
2021-12-06 00:51:53 [pool-2-thread-15] INFO  by.epam.task5.entitty.TruckQueue - Truck 24 with perishable goods was added to Queue
2021-12-06 00:51:53 [pool-2-thread-20] INFO  by.epam.task5.entitty.TruckQueue - Truck 29 is waiting for terminal...
2021-12-06 00:51:53 [pool-2-thread-15] INFO  by.epam.task5.entitty.TruckQueue - Truck 24 is waiting for terminal...
2021-12-06 00:51:53 [pool-2-thread-21] INFO  by.epam.task5.entitty.TruckQueue - Truck 30 was added to Queue
2021-12-06 00:51:53 [pool-2-thread-18] INFO  by.epam.task5.entitty.TruckQueue - Truck 27 with perishable goods was added to Queue
2021-12-06 00:51:53 [pool-2-thread-21] INFO  by.epam.task5.entitty.TruckQueue - Truck 30 is waiting for terminal...
2021-12-06 00:51:53 [pool-2-thread-7] INFO  by.epam.task5.entitty.TruckQueue - Truck 16 was added to Queue
2021-12-06 00:51:53 [pool-2-thread-18] INFO  by.epam.task5.entitty.TruckQueue - Truck 27 is waiting for terminal...
2021-12-06 00:51:53 [pool-2-thread-6] INFO  by.epam.task5.entitty.TruckQueue - Truck 15 with perishable goods was added to Queue
2021-12-06 00:51:53 [pool-2-thread-7] INFO  by.epam.task5.entitty.TruckQueue - Truck 16 is waiting for terminal...
2021-12-06 00:51:53 [pool-2-thread-5] INFO  by.epam.task5.entitty.TruckQueue - Truck 14 was added to Queue
2021-12-06 00:51:53 [pool-2-thread-6] INFO  by.epam.task5.entitty.TruckQueue - Truck 15 is waiting for terminal...
2021-12-06 00:51:53 [pool-2-thread-8] INFO  by.epam.task5.entitty.TruckQueue - Truck 17 was added to Queue
2021-12-06 00:51:53 [pool-2-thread-5] INFO  by.epam.task5.entitty.TruckQueue - Truck 14 is waiting for terminal...
2021-12-06 00:51:53 [pool-2-thread-4] INFO  by.epam.task5.entitty.TruckQueue - Truck 13 was added to Queue
2021-12-06 00:51:53 [pool-2-thread-19] INFO  by.epam.task5.entitty.Base - Truck 28 got terminal 1
2021-12-06 00:51:53 [pool-2-thread-17] INFO  by.epam.task5.entitty.TruckQueue - Truck 26 was added to Queue
2021-12-06 00:51:53 [pool-2-thread-3] INFO  by.epam.task5.entitty.TruckQueue - Truck 12 with perishable goods was added to Queue
2021-12-06 00:51:53 [pool-2-thread-1] INFO  by.epam.task5.entitty.Base - Truck 10 got terminal 2
2021-12-06 00:51:53 [pool-2-thread-17] INFO  by.epam.task5.entitty.TruckQueue - Truck 26 is waiting for terminal...
2021-12-06 00:51:53 [pool-2-thread-11] INFO  by.epam.task5.entitty.Base - Truck 20 got terminal 3
2021-12-06 00:51:53 [pool-2-thread-3] INFO  by.epam.task5.entitty.TruckQueue - Truck 12 is waiting for terminal...
2021-12-06 00:51:53 [pool-2-thread-8] INFO  by.epam.task5.entitty.TruckQueue - Truck 17 is waiting for terminal...
2021-12-06 00:51:53 [pool-2-thread-4] INFO  by.epam.task5.entitty.TruckQueue - Truck 13 is waiting for terminal...
2021-12-06 00:51:53 [pool-2-thread-12] INFO  by.epam.task5.entitty.Base - Truck 21 got terminal 4
2021-12-06 00:51:53 [pool-2-thread-2] INFO  by.epam.task5.entitty.Base - Truck 11 got terminal 5
2021-12-06 00:51:53 [pool-2-thread-11] INFO  by.epam.task5.entitty.Terminal - Truck 20 is being unloaded... +19
2021-12-06 00:51:53 [pool-2-thread-2] INFO  by.epam.task5.entitty.Terminal - Truck 11 is being unloaded... +10
2021-12-06 00:51:53 [pool-2-thread-19] INFO  by.epam.task5.entitty.Terminal - Truck 28 is being unloaded... +35
2021-12-06 00:51:53 [pool-2-thread-11] INFO  by.epam.task5.entitty.Base - The current size of warehouse is 352
2021-12-06 00:51:53 [pool-2-thread-2] INFO  by.epam.task5.entitty.Base - The current size of warehouse is 362
2021-12-06 00:51:53 [pool-2-thread-19] INFO  by.epam.task5.entitty.Base - The current size of warehouse is 397
2021-12-06 00:51:53 [pool-2-thread-1] INFO  by.epam.task5.entitty.Terminal - Truck 10 is being unloaded... +8
2021-12-06 00:51:53 [pool-2-thread-1] INFO  by.epam.task5.entitty.Base - The current size of warehouse is 405
2021-12-06 00:51:53 [pool-2-thread-12] INFO  by.epam.task5.entitty.Terminal - Truck 21 is being unloaded... +20
2021-12-06 00:51:53 [pool-2-thread-12] INFO  by.epam.task5.entitty.Base - The current size of warehouse is 425
2021-12-06 00:51:54 [pool-2-thread-2] INFO  by.epam.task5.entitty.Terminal - Truck 11 is being loaded ... -10
2021-12-06 00:51:54 [pool-2-thread-11] INFO  by.epam.task5.entitty.Terminal - Truck 20 is being loaded ... -20
2021-12-06 00:51:54 [pool-2-thread-11] INFO  by.epam.task5.entitty.Base - The current size of warehouse is 395
2021-12-06 00:51:54 [pool-2-thread-19] INFO  by.epam.task5.entitty.Terminal - Truck 28 is being loaded ... -40
2021-12-06 00:51:54 [pool-2-thread-2] INFO  by.epam.task5.entitty.Base - The current size of warehouse is 415
2021-12-06 00:51:54 [pool-2-thread-19] INFO  by.epam.task5.entitty.Base - The current size of warehouse is 355
2021-12-06 00:51:54 [pool-2-thread-1] INFO  by.epam.task5.entitty.Terminal - Truck 10 is being loaded ... -10
2021-12-06 00:51:54 [pool-2-thread-12] INFO  by.epam.task5.entitty.Terminal - Truck 21 is being loaded ... -20
2021-12-06 00:51:54 [pool-2-thread-12] INFO  by.epam.task5.entitty.Base - The current size of warehouse is 335
2021-12-06 00:51:54 [pool-2-thread-1] INFO  by.epam.task5.entitty.Base - The current size of warehouse is 325
2021-12-06 00:51:54 [pool-2-thread-11] INFO  by.epam.task5.entitty.Base - pool-2-thread-11 released 3
2021-12-06 00:51:54 [pool-2-thread-2] INFO  by.epam.task5.entitty.Base - pool-2-thread-2 released 5
2021-12-06 00:51:54 [pool-2-thread-19] INFO  by.epam.task5.entitty.Base - pool-2-thread-19 released 1
2021-12-06 00:51:54 [pool-2-thread-1] INFO  by.epam.task5.entitty.Base - pool-2-thread-1 released 2
2021-12-06 00:51:54 [pool-2-thread-12] INFO  by.epam.task5.entitty.Base - pool-2-thread-12 released 4
2021-12-06 00:51:54 [pool-2-thread-14] INFO  by.epam.task5.entitty.Base - Truck 23 got terminal 3
2021-12-06 00:51:54 [pool-2-thread-14] INFO  by.epam.task5.entitty.Terminal - Truck 23 is being unloaded... +10
2021-12-06 00:51:54 [pool-2-thread-10] INFO  by.epam.task5.entitty.Base - Truck 19 got terminal 5
2021-12-06 00:51:54 [pool-2-thread-14] INFO  by.epam.task5.entitty.Base - The current size of warehouse is 335
2021-12-06 00:51:54 [pool-2-thread-10] INFO  by.epam.task5.entitty.Terminal - Truck 19 is being unloaded... +20
2021-12-06 00:51:54 [pool-2-thread-13] INFO  by.epam.task5.entitty.Base - Truck 22 got terminal 1
2021-12-06 00:51:54 [pool-2-thread-10] INFO  by.epam.task5.entitty.Base - The current size of warehouse is 355
2021-12-06 00:51:54 [pool-2-thread-13] INFO  by.epam.task5.entitty.Terminal - Truck 22 is being unloaded... +18
2021-12-06 00:51:54 [pool-2-thread-16] INFO  by.epam.task5.entitty.Base - Truck 25 got terminal 2
